c:\users\root\source\repos\vulkanappadcal2018\vulkanappadcal2018\x64\debug\vc141.pdb
c:\users\root\source\repos\vulkanappadcal2018\vulkanappadcal2018\x64\debug\vc141.idb
c:\users\root\source\repos\vulkanappadcal2018\vulkanappadcal2018\x64\debug\main.obj
c:\users\root\source\repos\vulkanappadcal2018\vulkanappadcal2018\x64\debug\renderer.obj
c:\users\root\source\repos\vulkanappadcal2018\vulkanappadcal2018\x64\debug\window.obj
c:\users\root\source\repos\vulkanappadcal2018\vulkanappadcal2018\x64\debug\window_glfw.obj
c:\users\root\desktop\vulkan\vulkanappaddcal2018\vulkanappadcal2018\x64\debug\vc142.pdb
c:\users\root\desktop\vulkan\vulkanappaddcal2018\vulkanappadcal2018\x64\debug\vc142.idb
c:\users\root\desktop\vulkan\vulkanappaddcal2018\vulkanappadcal2018\x64\debug\main.obj
c:\users\root\source\repos\vulkanappadcal2018\x64\debug\vulkanappadcal2018.exe
c:\users\root\source\repos\vulkanappadcal2018\x64\debug\vulkanappadcal2018.ilk
c:\users\root\source\repos\vulkanappadcal2018\x64\debug\vulkanappadcal2018.pdb
c:\users\root\desktop\vulkan\vulkanappaddcal2018\vulkanappadcal2018\x64\debug\renderer.obj
c:\users\root\desktop\vulkan\vulkanappaddcal2018\vulkanappadcal2018\x64\debug\window.obj
c:\users\root\desktop\vulkan\vulkanappaddcal2018\vulkanappadcal2018\x64\debug\window_glfw.obj
c:\users\root\desktop\vulkan\vulkanappaddcal2018\vulkanappadcal2018\x64\debug\renderer.obj.enc
c:\users\root\desktop\vulkan\vulkanappaddcal2018\vulkanappadcal2018\x64\debug\window.obj.enc
c:\users\root\desktop\vulkan\vulkanappaddcal2018\vulkanappadcal2018\x64\debug\vc141.idb
c:\users\root\desktop\vulkan\vulkanappaddcal2018\vulkanappadcal2018\x64\debug\vc141.pdb
c:\users\root\desktop\vulkan\vulkanappaddcal2018\x64\debug\vulkanappadcal2018.pdb
c:\users\root\desktop\vulkan\vulkanappaddcal2018\x64\debug\vulkanappadcal2018.exe
c:\users\root\desktop\vulkan\vulkanappaddcal2018\x64\debug\vulkanappadcal2018.ilk
c:\users\root\desktop\vulkan\vulkanappaddcal2018\vulkanappadcal2018\x64\debug\vulkanap.48286652.tlog\cl.command.1.tlog
c:\users\root\desktop\vulkan\vulkanappaddcal2018\vulkanappadcal2018\x64\debug\vulkanap.48286652.tlog\cl.read.1.tlog
c:\users\root\desktop\vulkan\vulkanappaddcal2018\vulkanappadcal2018\x64\debug\vulkanap.48286652.tlog\cl.write.1.tlog
c:\users\root\desktop\vulkan\vulkanappaddcal2018\vulkanappadcal2018\x64\debug\vulkanap.48286652.tlog\link.command.1.tlog
c:\users\root\desktop\vulkan\vulkanappaddcal2018\vulkanappadcal2018\x64\debug\vulkanap.48286652.tlog\link.read.1.tlog
c:\users\root\desktop\vulkan\vulkanappaddcal2018\vulkanappadcal2018\x64\debug\vulkanap.48286652.tlog\link.write.1.tlog
